<?xml version="1.0" encoding="UTF-8"?>
<!-- Generated by org.testng.reporters.JUnitReportReporter -->
<testsuite hostname="DESKTOP-STBG1U9" failures="0" tests="2" name="Selflearning.Mavenjava.SeleniumTest" time="0.009" errors="0" timestamp="2020-07-07T23:15:18 IST" skipped="0">
  <testcase classname="Selflearning.Mavenjava.SeleniumTest" name="SeleniumTest1" time="0.009"/>
  <system-out/>
  <testcase classname="Selflearning.Mavenjava.SeleniumTest" name="SeleniumTest2" time="0.000"/>
  <system-out/>
</testsuite> <!-- Selflearning.Mavenjava.SeleniumTest -->
