<?xml version="1.0" encoding="UTF-8"?>
<!-- Generated by org.testng.reporters.JUnitReportReporter -->
<testsuite hostname="DESKTOP-STBG1U9" failures="0" tests="2" name="Selflearning.Mavenjava.AppiumTest" time="0.001" errors="0" timestamp="2020-07-07T23:15:18 IST" skipped="0">
  <testcase classname="Selflearning.Mavenjava.AppiumTest" name="AndroidAPP" time="0.001"/>
  <system-out/>
  <testcase classname="Selflearning.Mavenjava.AppiumTest" name="iOSAPP" time="0.000"/>
  <system-out/>
</testsuite> <!-- Selflearning.Mavenjava.AppiumTest -->
